<?xml version="1.0" encoding="UTF-8"?>
<!-- Generated by org.testng.reporters.JUnitReportReporter -->
<testsuite hostname="DESKTOP-I2ISUJ1" failures="0" tests="6" name="testingbaba_test.CheckboxTest" time="4.018" errors="0" timestamp="2024-10-27T21:33:44 IST" skipped="0">
  <testcase classname="testingbaba_test.CheckboxTest" name="getTitle_testingbaba" time="0.019"/>
  <testcase classname="testingbaba_test.CheckboxTest" name="getclosebtn_testing" time="0.128"/>
  <testcase classname="testingbaba_test.CheckboxTest" name="practicebtn_testing" time="1.891"/>
  <testcase classname="testingbaba_test.CheckboxTest" name="getelements_testing" time="0.098"/>
  <testcase classname="testingbaba_test.CheckboxTest" name="getcheckbx_testingbaba" time="0.121"/>
  <testcase classname="testingbaba_test.CheckboxTest" name="getcheck_testingbaba" time="1.761"/>
</testsuite> <!-- testingbaba_test.CheckboxTest -->
